<?xml version="1.0" encoding="UTF-8"?>
<!-- Generated by org.testng.reporters.JUnitXMLReporter -->
<testsuite hostname="DESKTOP-PI09DLQ" ignored="2" name="Test1" tests="2" failures="0" timestamp="19 Apr 2019 17:00:02 GMT" time="0.205" errors="0">
  <testcase name="test2" time="0.027" classname="Framework.StepDefinations.TestNgGrouping"/>
  <testcase name="test4" time="0.004" classname="Framework.StepDefinations.TestNgGrouping"/>
  <testcase name="test1" time="0.0" classname="Framework.StepDefinations.TestNgGrouping">
    <ignored/>
  </testcase> <!-- test1 -->
  <testcase name="test3" time="0.0" classname="Framework.StepDefinations.TestNgGrouping">
    <ignored/>
  </testcase> <!-- test3 -->
</testsuite> <!-- Test1 -->
